10/4/2012 9:53:59 PM

Index and length must refer to a location within the string.
Parameter name: length
   at System.String.InternalSubStringWithChecks(Int32 startIndex, Int32 length, Boolean fAlwaysCopy)
   at System.String.Substring(Int32 startIndex, Int32 length)
   at EVELogClient.LogMessage.Parse(LogChannel channel, String line) in c:\Users\Thundermoose\Desktop\eve-intel\EVELogClientUI\LogMessage.cs:line 47
   at EVELogClient.LogMessage..ctor(LogChannel channel, String line) in c:\Users\Thundermoose\Desktop\eve-intel\EVELogClientUI\LogMessage.cs:line 35
   at EVELogClient.LogFileMonitor.updateFileData(FileChannel item) in c:\Users\Thundermoose\Desktop\eve-intel\EVELogClientUI\LogFileMonitor.cs:line 96
   at EVELogClient.LogFileMonitor.Refresh(Boolean reset) in c:\Users\Thundermoose\Desktop\eve-intel\EVELogClientUI\LogFileMonitor.cs:line 64
   at EVELogClient.Monitor.read() in c:\Users\Thundermoose\Desktop\eve-intel\EVELogClientUI\IntelMonitor.cs:line 148
   at EVELogClient.IntelMonitor.readChannels() in c:\Users\Thundermoose\Desktop\eve-intel\EVELogClientUI\IntelMonitor.cs:line 116
   at EVELogClient.IntelMonitor.run() in c:\Users\Thundermoose\Desktop\eve-intel\EVELogClientUI\IntelMonitor.cs:line 42
---------------------------------------------------------------------------------------------------------------
10/4/2012 10:56:32 PM

Could not find file 'C:\Users\Thundermoose\Documents\EVE\logs\Chatlogs\testingintel_20121005_025501.txt'.
   at System.IO.__Error.WinIOError(Int32 errorCode, String maybeFullPath)
   at System.IO.FileStream.Init(String path, FileMode mode, FileAccess access, Int32 rights, Boolean useRights, FileShare share, Int32 bufferSize, FileOptions options, SECURITY_ATTRIBUTES secAttrs, String msgPath, Boolean bFromProxy, Boolean useLongPath, Boolean checkHost)
   at System.IO.FileStream..ctor(String path, FileMode mode, FileAccess access, FileShare share, Int32 bufferSize, FileOptions options, String msgPath, Boolean bFromProxy)
   at System.IO.FileStream..ctor(String path, FileMode mode, FileAccess access, FileShare share)
   at System.IO.FileInfo.Open(FileMode mode, FileAccess access, FileShare share)
   at EVELogClient.LogFile.ReadLastBlock() in c:\Users\Thundermoose\Desktop\eve-intel\EVELogClientUI\LogFile.cs:line 76
   at EVELogClient.FileChannel.ReadLastBlock() in c:\Users\Thundermoose\Desktop\eve-intel\EVELogClientUI\FileChannel.cs:line 43
   at EVELogClient.LogFileMonitor.updateFileData(FileChannel item) in c:\Users\Thundermoose\Desktop\eve-intel\EVELogClientUI\LogFileMonitor.cs:line 79
   at EVELogClient.LogFileMonitor.Refresh(Boolean reset) in c:\Users\Thundermoose\Desktop\eve-intel\EVELogClientUI\LogFileMonitor.cs:line 67
   at EVELogClient.Monitor.read() in c:\Users\Thundermoose\Desktop\eve-intel\EVELogClientUI\IntelMonitor.cs:line 151
   at EVELogClient.IntelMonitor.readChannels() in c:\Users\Thundermoose\Desktop\eve-intel\EVELogClientUI\IntelMonitor.cs:line 116
   at EVELogClient.IntelMonitor.run() in c:\Users\Thundermoose\Desktop\eve-intel\EVELogClientUI\IntelMonitor.cs:line 44
---------------------------------------------------------------------------------------------------------------
